Change Physical Footprint: Designator=? Old Footprint=*14DIP New Footprint=*14DIP
Change Physical Footprint: Designator=? Old Footprint=*14DIP New Footprint=*14DIP
Change Physical Footprint: Designator=? Old Footprint=*14DIP New Footprint=*14DIP
Change Physical Footprint: Designator=C1 Old Footprint=RAD-0.1 New Footprint=RAD-0.1
Change Physical Footprint: Designator=C2 Old Footprint=RAD-0.1 New Footprint=RAD-0.1
Change Physical Footprint: Designator=C3 Old Footprint=RAD-0.1 New Footprint=RAD-0.1
Change Physical Footprint: Designator=C4 Old Footprint=RAD-0.1 New Footprint=RAD-0.1
Change Physical Footprint: Designator=C5 Old Footprint=RAD-0.1 New Footprint=RAD-0.1
Change Physical Footprint: Designator=C6 Old Footprint=RAD-0.1 New Footprint=RAD-0.1
Change Physical Footprint: Designator=C7 Old Footprint=RAD-0.1 New Footprint=RAD-0.1
Change Physical Footprint: Designator=C8 Old Footprint=RAD-0.1 New Footprint=RAD-0.1
Change Physical Footprint: Designator=C9 Old Footprint=RAD-0.1 New Footprint=RAD-0.1
Change Physical Footprint: Designator=C10 Old Footprint=RAD-0.1 New Footprint=RAD-0.1
Change Physical Footprint: Designator=C? Old Footprint=RB7.6-15 New Footprint=RB7.6-15
Change Physical Footprint: Designator=J? Old Footprint=KLD-0202 New Footprint=KLD-0202
Change Physical Footprint: Designator=P1 Old Footprint=HDR1X4 New Footprint=HDR1X4
Change Physical Footprint: Designator=P2 Old Footprint=HDR1X4 New Footprint=HDR1X4
Change Physical Footprint: Designator=P3 Old Footprint=HDR1X4 New Footprint=HDR1X4
Change Physical Footprint: Designator=P4 Old Footprint=HDR1X4 New Footprint=HDR1X4
Change Physical Footprint: Designator=P5 Old Footprint=HDR1X4 New Footprint=HDR1X4
Change Physical Footprint: Designator=P6 Old Footprint=HDR1X4 New Footprint=HDR1X4
Change Physical Footprint: Designator=P7 Old Footprint=HDR1X4 New Footprint=HDR1X4
Change Physical Footprint: Designator=P8 Old Footprint=HDR1X4 New Footprint=HDR1X4
Change Physical Footprint: Designator=P9 Old Footprint=HDR1X4 New Footprint=HDR1X4
Change Physical Footprint: Designator=P10 Old Footprint=HDR1X4 New Footprint=HDR1X4
Change Physical Footprint: Designator=P? Old Footprint=HDR1X3 New Footprint=HDR1X3
Change Physical Footprint: Designator=P? Old Footprint=HDR1X3 New Footprint=HDR1X3
Change Physical Footprint: Designator=P? Old Footprint=HDR1X3 New Footprint=HDR1X3
Change Physical Footprint: Designator=P? Old Footprint=HDR1X3 New Footprint=HDR1X3
Change Physical Footprint: Designator=P? Old Footprint=HDR1X3 New Footprint=HDR1X3
Change Physical Footprint: Designator=P? Old Footprint=HDR1X5 New Footprint=HDR1X5
Change Physical Footprint: Designator=P? Old Footprint=HDR1X5 New Footprint=HDR1X5
Change Physical Footprint: Designator=P? Old Footprint=HDR1X5 New Footprint=HDR1X5
Change Physical Footprint: Designator=P? Old Footprint=HDR1X5 New Footprint=HDR1X5
Change Physical Footprint: Designator=P? Old Footprint=HDR1X5 New Footprint=HDR1X5
Change Physical Footprint: Designator=P? Old Footprint=HDR1X5 New Footprint=HDR1X5
Change Physical Footprint: Designator=P? Old Footprint=HDR1X5 New Footprint=HDR1X5
Change Physical Footprint: Designator=P? Old Footprint=HDR1X5 New Footprint=HDR1X5
Change Physical Footprint: Designator=P? Old Footprint=HDR1X5 New Footprint=HDR1X5
Change Physical Footprint: Designator=P? Old Footprint=HDR1X5 New Footprint=HDR1X5
Change Physical Footprint: Designator=R1 Old Footprint=AXIAL-0.3 New Footprint=AXIAL-0.3
Change Physical Footprint: Designator=R2 Old Footprint=AXIAL-0.3 New Footprint=AXIAL-0.3
Change Physical Footprint: Designator=R3 Old Footprint=AXIAL-0.3 New Footprint=AXIAL-0.3
Change Physical Footprint: Designator=R4 Old Footprint=AXIAL-0.3 New Footprint=AXIAL-0.3
Change Physical Footprint: Designator=R5 Old Footprint=AXIAL-0.3 New Footprint=AXIAL-0.3
Change Physical Footprint: Designator=R6 Old Footprint=AXIAL-0.3 New Footprint=AXIAL-0.3
Change Physical Footprint: Designator=R7 Old Footprint=AXIAL-0.3 New Footprint=AXIAL-0.3
Change Physical Footprint: Designator=R8 Old Footprint=AXIAL-0.3 New Footprint=AXIAL-0.3
Change Physical Footprint: Designator=R9 Old Footprint=AXIAL-0.3 New Footprint=AXIAL-0.3
Change Physical Footprint: Designator=R10 Old Footprint=AXIAL-0.3 New Footprint=AXIAL-0.3
Change Physical Footprint: Designator=R? Old Footprint=AXIAL-0.3 New Footprint=AXIAL-0.3
