Removed Pin From Net: NetName=PIN22 Pin=P?-3
Removed Pin From Net: NetName=PIN22 Pin=P?-3
Removed Pin From Net: NetName=PIN22 Pin=P?-3
Removed Pin From Net: NetName=PIN24 Pin=P?-4
Removed Pin From Net: NetName=PIN24 Pin=P?-4
Removed Pin From Net: NetName=PIN24 Pin=P?-4
Removed Pin From Net: NetName=PIN26 Pin=P?-5
Removed Pin From Net: NetName=PIN26 Pin=P?-5
Removed Pin From Net: NetName=PIN26 Pin=P?-5
Change Component Comment : Designator=P? Old Comment=Header 3 New Comment=PIX1
Change Component Comment : Designator=P? Old Comment=Header 3 New Comment=PIX2
Change Component Comment : Designator=P? Old Comment=Header 3 New Comment=PIX3
Change Component Comment : Designator=P? Old Comment=Header 3 New Comment=PIX4
Change Component Designator: OldDesignator=? NewDesignator=1
Change Component Designator: OldDesignator=C? NewDesignator=C11
Change Component Designator: OldDesignator=J? NewDesignator=J10
Change Component Designator: OldDesignator=P? NewDesignator=P11
Change Component Designator: OldDesignator=P? NewDesignator=P12
Change Component Designator: OldDesignator=P? NewDesignator=P13
Change Component Designator: OldDesignator=P? NewDesignator=P14
Change Component Designator: OldDesignator=P? NewDesignator=P15
Change Component Designator: OldDesignator=P? NewDesignator=P16
Change Component Designator: OldDesignator=P? NewDesignator=P17
Change Component Designator: OldDesignator=P? NewDesignator=P18
Change Component Designator: OldDesignator=P? NewDesignator=P19
Change Component Designator: OldDesignator=P? NewDesignator=P20
Change Component Designator: OldDesignator=P? NewDesignator=P21
Change Component Designator: OldDesignator=P? NewDesignator=P22
Change Component Designator: OldDesignator=P? NewDesignator=P23
Change Component Designator: OldDesignator=P? NewDesignator=P24
Change Component Designator: OldDesignator=R? NewDesignator=R11
Added Component: Designator=R12(AXIAL-0.3)
Add component. Clean all parameters for all variants
Add component (AddParameter): Name = "LatestRevisionDate"; Value = "17-Jul-2002"; VariantName = "[No Variations]"
Add component (AddParameter): Name = "LatestRevisionNote"; Value = "Re-released for DXP Platform."; VariantName = "[No Variations]"
Add component (AddParameter): Name = "PackageDescription"; Value = "Axial Device, Thru-Hole; 2 Leads; 0.3 in Pin Spacing"; VariantName = "[No Variations]"
Add component (AddParameter): Name = "PackageReference"; Value = "AXIAL-0.3"; VariantName = "[No Variations]"
Add component (AddParameter): Name = "Published"; Value = "8-Jun-2000"; VariantName = "[No Variations]"
Add component (AddParameter): Name = "Publisher"; Value = "Altium Limited"; VariantName = "[No Variations]"
Add component (AddParameter): Name = "Value"; Value = "470"; VariantName = "[No Variations]"
Added Component: Designator=R13(AXIAL-0.3)
Add component. Clean all parameters for all variants
Add component (AddParameter): Name = "LatestRevisionDate"; Value = "17-Jul-2002"; VariantName = "[No Variations]"
Add component (AddParameter): Name = "LatestRevisionNote"; Value = "Re-released for DXP Platform."; VariantName = "[No Variations]"
Add component (AddParameter): Name = "PackageDescription"; Value = "Axial Device, Thru-Hole; 2 Leads; 0.3 in Pin Spacing"; VariantName = "[No Variations]"
Add component (AddParameter): Name = "PackageReference"; Value = "AXIAL-0.3"; VariantName = "[No Variations]"
Add component (AddParameter): Name = "Published"; Value = "8-Jun-2000"; VariantName = "[No Variations]"
Add component (AddParameter): Name = "Publisher"; Value = "Altium Limited"; VariantName = "[No Variations]"
Add component (AddParameter): Name = "Value"; Value = "470"; VariantName = "[No Variations]"
Added Component: Designator=R14(AXIAL-0.3)
Add component. Clean all parameters for all variants
Add component (AddParameter): Name = "LatestRevisionDate"; Value = "17-Jul-2002"; VariantName = "[No Variations]"
Add component (AddParameter): Name = "LatestRevisionNote"; Value = "Re-released for DXP Platform."; VariantName = "[No Variations]"
Add component (AddParameter): Name = "PackageDescription"; Value = "Axial Device, Thru-Hole; 2 Leads; 0.3 in Pin Spacing"; VariantName = "[No Variations]"
Add component (AddParameter): Name = "PackageReference"; Value = "AXIAL-0.3"; VariantName = "[No Variations]"
Add component (AddParameter): Name = "Published"; Value = "8-Jun-2000"; VariantName = "[No Variations]"
Add component (AddParameter): Name = "Publisher"; Value = "Altium Limited"; VariantName = "[No Variations]"
Add component (AddParameter): Name = "Value"; Value = "470"; VariantName = "[No Variations]"
Added Pin To Net: NetName=GND Pin=1-1
Added Pin To Net: NetName=TXD0 Pin=1-2
Added Pin To Net: NetName=GND Pin=1-4
Added Pin To Net: NetName=RXD0 Pin=1-5
Added Pin To Net: NetName=RXD1 Pin=1-9
Added Pin To Net: NetName=GND Pin=1-10
Added Pin To Net: NetName=TXD1 Pin=1-12
Added Pin To Net: NetName=GND Pin=1-13
Added Pin To Net: NetName=+5V Pin=1-14
Added Pin To Net: NetName=PIN23 Pin=P12-3
Added Pin To Net: NetName=PIN25 Pin=P12-4
Added Pin To Net: NetName=PIN27 Pin=P12-5
Added Pin To Net: NetName=PIN24 Pin=P13-3
Added Pin To Net: NetName=PIN26 Pin=P13-4
Added Pin To Net: NetName=PIN28 Pin=P13-5
Added Pin To Net: NetName=PIN25 Pin=P14-3
Added Pin To Net: NetName=PIN27 Pin=P14-4
Added Pin To Net: NetName=PIN29 Pin=P14-5
Added Pin To Net: NetName=GND Pin=P22-1
Added Pin To Net: NetName=+5V Pin=P22-2
Added Pin To Net: NetName=GND Pin=P23-1
Added Pin To Net: NetName=+5V Pin=P23-2
Added Pin To Net: NetName=GND Pin=P24-1
Added Pin To Net: NetName=+5V Pin=P24-2
Change Net Name : Old Net Name=NetJ?_3 New Net Name=NetJ10_3
Change Net Name : Old Net Name=NetP?_3 New Net Name=NetP21_3
Added Pin To Net: NetName=NetP22_3 Pin=P22-3
Added Pin To Net: NetName=NetP22_3 Pin=R12-2
Added Net: Name=NetP22_3
Added Pin To Net: NetName=NetP23_3 Pin=P23-3
Added Pin To Net: NetName=NetP23_3 Pin=R13-2
Added Net: Name=NetP23_3
Added Pin To Net: NetName=NetP24_3 Pin=P24-3
Added Pin To Net: NetName=NetP24_3 Pin=R14-2
Added Net: Name=NetP24_3
Added Pin To Net: NetName=RXD0_5V Pin=1-6
Added Pin To Net: NetName=RXD0_5V Pin=R12-1
Added Net: Name=RXD0_5V
Added Pin To Net: NetName=RXD1_5V Pin=1-8
Added Pin To Net: NetName=RXD1_5V Pin=R14-1
Added Net: Name=RXD1_5V
Added Pin To Net: NetName=TXD0_5V Pin=1-3
Added Pin To Net: NetName=TXD0_5V Pin=R11-1
Added Net: Name=TXD0_5V
Added Pin To Net: NetName=TXD1_5V Pin=1-11
Added Pin To Net: NetName=TXD1_5V Pin=R13-1
Added Net: Name=TXD1_5V
Added Member To Class: ClassName=Beat Box Schematic Member=Component P11 ENC1
Added Member To Class: ClassName=Beat Box Schematic Member=Component P12 ENC1
Added Member To Class: ClassName=Beat Box Schematic Member=Component P13 ENC1
Added Member To Class: ClassName=Beat Box Schematic Member=Component P14 ENC1
Added Member To Class: ClassName=Beat Box Schematic Member=Component P15 ENC1
Added Member To Class: ClassName=Beat Box Schematic Member=Component P16 ENC1
Added Member To Class: ClassName=Beat Box Schematic Member=Component P17 ENC1
Added Member To Class: ClassName=Beat Box Schematic Member=Component P18 ENC1
Added Member To Class: ClassName=Beat Box Schematic Member=Component P19 ENC1
Added Member To Class: ClassName=Beat Box Schematic Member=Component P20 ENC1
Added Member To Class: ClassName=Beat Box Schematic Member=Component P21 PIX1
Added Member To Class: ClassName=Beat Box Schematic Member=Component P22 PIX2
Added Member To Class: ClassName=Beat Box Schematic Member=Component P23 PIX3
Added Member To Class: ClassName=Beat Box Schematic Member=Component R12 Res1
Added Member To Class: ClassName=Beat Box Schematic Member=Component R13 Res1
Added Member To Class: ClassName=Beat Box Schematic Member=Component R14 Res1
Added Room: Name=Arduino
Added Room: Name=Beat Box Schematic
